<?xml version="1.0" encoding="UTF-8"?>
<testsuite xmlns:xsi="http://www.w3.org/2001/XMLSchema-instance" xsi:noNamespaceSchemaLocation="https://maven.apache.org/surefire/maven-surefire-plugin/xsd/surefire-test-report-3.0.xsd" version="3.0" name="TestSuite" time="184.099" tests="2" errors="0" skipped="0" failures="1">
  <properties>
    <property name="sun.desktop" value="windows"/>
    <property name="awt.toolkit" value="sun.awt.windows.WToolkit"/>
    <property name="file.encoding.pkg" value="sun.io"/>
    <property name="java.specification.version" value="1.8"/>
    <property name="webdriver.chrome.driver" value="C:\Users\jayan\Downloads\chromedriver_win32 (4)\chromedriver.exe"/>
    <property name="sun.cpu.isalist" value="amd64"/>
    <property name="sun.jnu.encoding" value="Cp1252"/>
    <property name="java.class.path" value="C:\Users\jayan\eclipse-workspace\MoneyControlCucumber\target\test-classes;C:\Users\jayan\eclipse-workspace\MoneyControlCucumber\target\classes;C:\Users\jayan\.m2\repository\org\apache\poi\poi-ooxml\4.1.2\poi-ooxml-4.1.2.jar;C:\Users\jayan\.m2\repository\org\apache\poi\poi\4.1.2\poi-4.1.2.jar;C:\Users\jayan\.m2\repository\org\apache\commons\commons-collections4\4.4\commons-collections4-4.4.jar;C:\Users\jayan\.m2\repository\org\apache\commons\commons-math3\3.6.1\commons-math3-3.6.1.jar;C:\Users\jayan\.m2\repository\com\zaxxer\SparseBitSet\1.2\SparseBitSet-1.2.jar;C:\Users\jayan\.m2\repository\org\apache\poi\poi-ooxml-schemas\4.1.2\poi-ooxml-schemas-4.1.2.jar;C:\Users\jayan\.m2\repository\org\apache\xmlbeans\xmlbeans\3.1.0\xmlbeans-3.1.0.jar;C:\Users\jayan\.m2\repository\org\apache\commons\commons-compress\1.19\commons-compress-1.19.jar;C:\Users\jayan\.m2\repository\com\github\virtuald\curvesapi\1.06\curvesapi-1.06.jar;C:\Users\jayan\.m2\repository\com\relevantcodes\extentreports\2.41.2\extentreports-2.41.2.jar;C:\Users\jayan\.m2\repository\org\jsoup\jsoup\1.8.3\jsoup-1.8.3.jar;C:\Users\jayan\.m2\repository\org\xerial\sqlite-jdbc\3.8.11.1\sqlite-jdbc-3.8.11.1.jar;C:\Users\jayan\.m2\repository\org\freemarker\freemarker\2.3.23\freemarker-2.3.23.jar;C:\Users\jayan\.m2\repository\org\mongodb\mongodb-driver\3.0.4\mongodb-driver-3.0.4.jar;C:\Users\jayan\.m2\repository\org\mongodb\bson\3.0.4\bson-3.0.4.jar;C:\Users\jayan\.m2\repository\org\mongodb\mongodb-driver-core\3.0.4\mongodb-driver-core-3.0.4.jar;C:\Users\jayan\.m2\repository\org\seleniumhq\selenium\selenium-java\3.4.0\selenium-java-3.4.0.jar;C:\Users\jayan\.m2\repository\org\seleniumhq\selenium\selenium-api\3.4.0\selenium-api-3.4.0.jar;C:\Users\jayan\.m2\repository\org\seleniumhq\selenium\selenium-chrome-driver\3.4.0\selenium-chrome-driver-3.4.0.jar;C:\Users\jayan\.m2\repository\org\seleniumhq\selenium\selenium-edge-driver\3.4.0\selenium-edge-driver-3.4.0.jar;C:\Users\jayan\.m2\repository\org\seleniumhq\selenium\selenium-firefox-driver\3.4.0\selenium-firefox-driver-3.4.0.jar;C:\Users\jayan\.m2\repository\org\seleniumhq\selenium\selenium-ie-driver\3.4.0\selenium-ie-driver-3.4.0.jar;C:\Users\jayan\.m2\repository\org\seleniumhq\selenium\selenium-opera-driver\3.4.0\selenium-opera-driver-3.4.0.jar;C:\Users\jayan\.m2\repository\org\seleniumhq\selenium\selenium-remote-driver\3.4.0\selenium-remote-driver-3.4.0.jar;C:\Users\jayan\.m2\repository\org\seleniumhq\selenium\selenium-safari-driver\3.4.0\selenium-safari-driver-3.4.0.jar;C:\Users\jayan\.m2\repository\org\seleniumhq\selenium\selenium-support\3.4.0\selenium-support-3.4.0.jar;C:\Users\jayan\.m2\repository\cglib\cglib-nodep\3.2.4\cglib-nodep-3.2.4.jar;C:\Users\jayan\.m2\repository\org\apache\commons\commons-exec\1.3\commons-exec-1.3.jar;C:\Users\jayan\.m2\repository\org\apache\commons\commons-lang3\3.5\commons-lang3-3.5.jar;C:\Users\jayan\.m2\repository\commons-codec\commons-codec\1.10\commons-codec-1.10.jar;C:\Users\jayan\.m2\repository\commons-io\commons-io\2.5\commons-io-2.5.jar;C:\Users\jayan\.m2\repository\commons-logging\commons-logging\1.2\commons-logging-1.2.jar;C:\Users\jayan\.m2\repository\org\w3c\css\sac\1.3\sac-1.3.jar;C:\Users\jayan\.m2\repository\net\sourceforge\cssparser\cssparser\0.9.22\cssparser-0.9.22.jar;C:\Users\jayan\.m2\repository\com\google\code\gson\gson\2.8.0\gson-2.8.0.jar;C:\Users\jayan\.m2\repository\com\google\guava\guava\21.0\guava-21.0.jar;C:\Users\jayan\.m2\repository\org\hamcrest\hamcrest-core\1.3\hamcrest-core-1.3.jar;C:\Users\jayan\.m2\repository\net\sourceforge\htmlunit\htmlunit\2.26\htmlunit-2.26.jar;C:\Users\jayan\.m2\repository\net\sourceforge\htmlunit\htmlunit-core-js\2.26\htmlunit-core-js-2.26.jar;C:\Users\jayan\.m2\repository\net\sourceforge\htmlunit\neko-htmlunit\2.25\neko-htmlunit-2.25.jar;C:\Users\jayan\.m2\repository\org\apache\httpcomponents\httpclient\4.5.3\httpclient-4.5.3.jar;C:\Users\jayan\.m2\repository\org\apache\httpcomponents\httpcore\4.4.6\httpcore-4.4.6.jar;C:\Users\jayan\.m2\repository\org\apache\httpcomponents\httpmime\4.5.3\httpmime-4.5.3.jar;C:\Users\jayan\.m2\repository\org\eclipse\jetty\jetty-io\9.4.1.v20170120\jetty-io-9.4.1.v20170120.jar;C:\Users\jayan\.m2\repository\org\eclipse\jetty\jetty-util\9.4.1.v20170120\jetty-util-9.4.1.v20170120.jar;C:\Users\jayan\.m2\repository\net\java\dev\jna\jna\4.1.0\jna-4.1.0.jar;C:\Users\jayan\.m2\repository\net\java\dev\jna\jna-platform\4.1.0\jna-platform-4.1.0.jar;C:\Users\jayan\.m2\repository\com\codeborne\phantomjsdriver\1.4.0\phantomjsdriver-1.4.0.jar;C:\Users\jayan\.m2\repository\org\seleniumhq\selenium\htmlunit-driver\2.26\htmlunit-driver-2.26.jar;C:\Users\jayan\.m2\repository\javax\servlet\javax.servlet-api\3.1.0\javax.servlet-api-3.1.0.jar;C:\Users\jayan\.m2\repository\org\eclipse\jetty\websocket\websocket-api\9.4.3.v20170317\websocket-api-9.4.3.v20170317.jar;C:\Users\jayan\.m2\repository\org\eclipse\jetty\websocket\websocket-client\9.4.3.v20170317\websocket-client-9.4.3.v20170317.jar;C:\Users\jayan\.m2\repository\org\eclipse\jetty\jetty-client\9.4.3.v20170317\jetty-client-9.4.3.v20170317.jar;C:\Users\jayan\.m2\repository\org\eclipse\jetty\jetty-http\9.4.3.v20170317\jetty-http-9.4.3.v20170317.jar;C:\Users\jayan\.m2\repository\org\eclipse\jetty\websocket\websocket-common\9.4.3.v20170317\websocket-common-9.4.3.v20170317.jar;C:\Users\jayan\.m2\repository\xalan\serializer\2.7.2\serializer-2.7.2.jar;C:\Users\jayan\.m2\repository\xalan\xalan\2.7.2\xalan-2.7.2.jar;C:\Users\jayan\.m2\repository\xerces\xercesImpl\2.11.0\xercesImpl-2.11.0.jar;C:\Users\jayan\.m2\repository\xml-apis\xml-apis\1.4.01\xml-apis-1.4.01.jar;C:\Users\jayan\.m2\repository\org\testng\testng\6.8\testng-6.8.jar;C:\Users\jayan\.m2\repository\org\beanshell\bsh\2.0b4\bsh-2.0b4.jar;C:\Users\jayan\.m2\repository\com\beust\jcommander\1.27\jcommander-1.27.jar;C:\Users\jayan\.m2\repository\org\yaml\snakeyaml\1.6\snakeyaml-1.6.jar;C:\Users\jayan\.m2\repository\com\aventstack\extentreports\3.0.6\extentreports-3.0.6.jar;C:\Users\jayan\.m2\repository\org\apache\logging\log4j\log4j-api\2.8.2\log4j-api-2.8.2.jar;C:\Users\jayan\.m2\repository\org\apache\logging\log4j\log4j-core\2.8.2\log4j-core-2.8.2.jar;C:\Users\jayan\.m2\repository\info\cukes\cucumber-java\1.2.5\cucumber-java-1.2.5.jar;C:\Users\jayan\.m2\repository\info\cukes\cucumber-core\1.2.5\cucumber-core-1.2.5.jar;C:\Users\jayan\.m2\repository\info\cukes\cucumber-html\0.2.3\cucumber-html-0.2.3.jar;C:\Users\jayan\.m2\repository\info\cukes\cucumber-jvm-deps\1.0.5\cucumber-jvm-deps-1.0.5.jar;C:\Users\jayan\.m2\repository\info\cukes\gherkin\2.12.2\gherkin-2.12.2.jar;C:\Users\jayan\.m2\repository\info\cukes\cucumber-junit\1.2.5\cucumber-junit-1.2.5.jar;C:\Users\jayan\.m2\repository\info\cukes\cucumber-testng\1.2.5\cucumber-testng-1.2.5.jar;C:\Users\jayan\.m2\repository\junit\junit\4.12\junit-4.12.jar;"/>
    <property name="java.vm.vendor" value="Oracle Corporation"/>
    <property name="sun.arch.data.model" value="64"/>
    <property name="user.variant" value=""/>
    <property name="java.vendor.url" value="http://java.oracle.com/"/>
    <property name="user.timezone" value="Asia/Calcutta"/>
    <property name="java.vm.specification.version" value="1.8"/>
    <property name="os.name" value="Windows 10"/>
    <property name="user.country" value="US"/>
    <property name="sun.java.launcher" value="SUN_STANDARD"/>
    <property name="sun.boot.library.path" value="C:\Program Files\Java\jdk1.8.0_161\jre\bin"/>
    <property name="sun.java.command" value="C:\Users\jayan\AppData\Local\Temp\surefire678222134071190743\surefirebooter6790654056441846242.jar C:\Users\jayan\AppData\Local\Temp\surefire678222134071190743 2020-04-19T00-16-28_354-jvmRun1 surefire1958311515384427260tmp surefire_01107632654919717684tmp"/>
    <property name="surefire.test.class.path" value="C:\Users\jayan\eclipse-workspace\MoneyControlCucumber\target\test-classes;C:\Users\jayan\eclipse-workspace\MoneyControlCucumber\target\classes;C:\Users\jayan\.m2\repository\org\apache\poi\poi-ooxml\4.1.2\poi-ooxml-4.1.2.jar;C:\Users\jayan\.m2\repository\org\apache\poi\poi\4.1.2\poi-4.1.2.jar;C:\Users\jayan\.m2\repository\org\apache\commons\commons-collections4\4.4\commons-collections4-4.4.jar;C:\Users\jayan\.m2\repository\org\apache\commons\commons-math3\3.6.1\commons-math3-3.6.1.jar;C:\Users\jayan\.m2\repository\com\zaxxer\SparseBitSet\1.2\SparseBitSet-1.2.jar;C:\Users\jayan\.m2\repository\org\apache\poi\poi-ooxml-schemas\4.1.2\poi-ooxml-schemas-4.1.2.jar;C:\Users\jayan\.m2\repository\org\apache\xmlbeans\xmlbeans\3.1.0\xmlbeans-3.1.0.jar;C:\Users\jayan\.m2\repository\org\apache\commons\commons-compress\1.19\commons-compress-1.19.jar;C:\Users\jayan\.m2\repository\com\github\virtuald\curvesapi\1.06\curvesapi-1.06.jar;C:\Users\jayan\.m2\repository\com\relevantcodes\extentreports\2.41.2\extentreports-2.41.2.jar;C:\Users\jayan\.m2\repository\org\jsoup\jsoup\1.8.3\jsoup-1.8.3.jar;C:\Users\jayan\.m2\repository\org\xerial\sqlite-jdbc\3.8.11.1\sqlite-jdbc-3.8.11.1.jar;C:\Users\jayan\.m2\repository\org\freemarker\freemarker\2.3.23\freemarker-2.3.23.jar;C:\Users\jayan\.m2\repository\org\mongodb\mongodb-driver\3.0.4\mongodb-driver-3.0.4.jar;C:\Users\jayan\.m2\repository\org\mongodb\bson\3.0.4\bson-3.0.4.jar;C:\Users\jayan\.m2\repository\org\mongodb\mongodb-driver-core\3.0.4\mongodb-driver-core-3.0.4.jar;C:\Users\jayan\.m2\repository\org\seleniumhq\selenium\selenium-java\3.4.0\selenium-java-3.4.0.jar;C:\Users\jayan\.m2\repository\org\seleniumhq\selenium\selenium-api\3.4.0\selenium-api-3.4.0.jar;C:\Users\jayan\.m2\repository\org\seleniumhq\selenium\selenium-chrome-driver\3.4.0\selenium-chrome-driver-3.4.0.jar;C:\Users\jayan\.m2\repository\org\seleniumhq\selenium\selenium-edge-driver\3.4.0\selenium-edge-driver-3.4.0.jar;C:\Users\jayan\.m2\repository\org\seleniumhq\selenium\selenium-firefox-driver\3.4.0\selenium-firefox-driver-3.4.0.jar;C:\Users\jayan\.m2\repository\org\seleniumhq\selenium\selenium-ie-driver\3.4.0\selenium-ie-driver-3.4.0.jar;C:\Users\jayan\.m2\repository\org\seleniumhq\selenium\selenium-opera-driver\3.4.0\selenium-opera-driver-3.4.0.jar;C:\Users\jayan\.m2\repository\org\seleniumhq\selenium\selenium-remote-driver\3.4.0\selenium-remote-driver-3.4.0.jar;C:\Users\jayan\.m2\repository\org\seleniumhq\selenium\selenium-safari-driver\3.4.0\selenium-safari-driver-3.4.0.jar;C:\Users\jayan\.m2\repository\org\seleniumhq\selenium\selenium-support\3.4.0\selenium-support-3.4.0.jar;C:\Users\jayan\.m2\repository\cglib\cglib-nodep\3.2.4\cglib-nodep-3.2.4.jar;C:\Users\jayan\.m2\repository\org\apache\commons\commons-exec\1.3\commons-exec-1.3.jar;C:\Users\jayan\.m2\repository\org\apache\commons\commons-lang3\3.5\commons-lang3-3.5.jar;C:\Users\jayan\.m2\repository\commons-codec\commons-codec\1.10\commons-codec-1.10.jar;C:\Users\jayan\.m2\repository\commons-io\commons-io\2.5\commons-io-2.5.jar;C:\Users\jayan\.m2\repository\commons-logging\commons-logging\1.2\commons-logging-1.2.jar;C:\Users\jayan\.m2\repository\org\w3c\css\sac\1.3\sac-1.3.jar;C:\Users\jayan\.m2\repository\net\sourceforge\cssparser\cssparser\0.9.22\cssparser-0.9.22.jar;C:\Users\jayan\.m2\repository\com\google\code\gson\gson\2.8.0\gson-2.8.0.jar;C:\Users\jayan\.m2\repository\com\google\guava\guava\21.0\guava-21.0.jar;C:\Users\jayan\.m2\repository\org\hamcrest\hamcrest-core\1.3\hamcrest-core-1.3.jar;C:\Users\jayan\.m2\repository\net\sourceforge\htmlunit\htmlunit\2.26\htmlunit-2.26.jar;C:\Users\jayan\.m2\repository\net\sourceforge\htmlunit\htmlunit-core-js\2.26\htmlunit-core-js-2.26.jar;C:\Users\jayan\.m2\repository\net\sourceforge\htmlunit\neko-htmlunit\2.25\neko-htmlunit-2.25.jar;C:\Users\jayan\.m2\repository\org\apache\httpcomponents\httpclient\4.5.3\httpclient-4.5.3.jar;C:\Users\jayan\.m2\repository\org\apache\httpcomponents\httpcore\4.4.6\httpcore-4.4.6.jar;C:\Users\jayan\.m2\repository\org\apache\httpcomponents\httpmime\4.5.3\httpmime-4.5.3.jar;C:\Users\jayan\.m2\repository\org\eclipse\jetty\jetty-io\9.4.1.v20170120\jetty-io-9.4.1.v20170120.jar;C:\Users\jayan\.m2\repository\org\eclipse\jetty\jetty-util\9.4.1.v20170120\jetty-util-9.4.1.v20170120.jar;C:\Users\jayan\.m2\repository\net\java\dev\jna\jna\4.1.0\jna-4.1.0.jar;C:\Users\jayan\.m2\repository\net\java\dev\jna\jna-platform\4.1.0\jna-platform-4.1.0.jar;C:\Users\jayan\.m2\repository\com\codeborne\phantomjsdriver\1.4.0\phantomjsdriver-1.4.0.jar;C:\Users\jayan\.m2\repository\org\seleniumhq\selenium\htmlunit-driver\2.26\htmlunit-driver-2.26.jar;C:\Users\jayan\.m2\repository\javax\servlet\javax.servlet-api\3.1.0\javax.servlet-api-3.1.0.jar;C:\Users\jayan\.m2\repository\org\eclipse\jetty\websocket\websocket-api\9.4.3.v20170317\websocket-api-9.4.3.v20170317.jar;C:\Users\jayan\.m2\repository\org\eclipse\jetty\websocket\websocket-client\9.4.3.v20170317\websocket-client-9.4.3.v20170317.jar;C:\Users\jayan\.m2\repository\org\eclipse\jetty\jetty-client\9.4.3.v20170317\jetty-client-9.4.3.v20170317.jar;C:\Users\jayan\.m2\repository\org\eclipse\jetty\jetty-http\9.4.3.v20170317\jetty-http-9.4.3.v20170317.jar;C:\Users\jayan\.m2\repository\org\eclipse\jetty\websocket\websocket-common\9.4.3.v20170317\websocket-common-9.4.3.v20170317.jar;C:\Users\jayan\.m2\repository\xalan\serializer\2.7.2\serializer-2.7.2.jar;C:\Users\jayan\.m2\repository\xalan\xalan\2.7.2\xalan-2.7.2.jar;C:\Users\jayan\.m2\repository\xerces\xercesImpl\2.11.0\xercesImpl-2.11.0.jar;C:\Users\jayan\.m2\repository\xml-apis\xml-apis\1.4.01\xml-apis-1.4.01.jar;C:\Users\jayan\.m2\repository\org\testng\testng\6.8\testng-6.8.jar;C:\Users\jayan\.m2\repository\org\beanshell\bsh\2.0b4\bsh-2.0b4.jar;C:\Users\jayan\.m2\repository\com\beust\jcommander\1.27\jcommander-1.27.jar;C:\Users\jayan\.m2\repository\org\yaml\snakeyaml\1.6\snakeyaml-1.6.jar;C:\Users\jayan\.m2\repository\com\aventstack\extentreports\3.0.6\extentreports-3.0.6.jar;C:\Users\jayan\.m2\repository\org\apache\logging\log4j\log4j-api\2.8.2\log4j-api-2.8.2.jar;C:\Users\jayan\.m2\repository\org\apache\logging\log4j\log4j-core\2.8.2\log4j-core-2.8.2.jar;C:\Users\jayan\.m2\repository\info\cukes\cucumber-java\1.2.5\cucumber-java-1.2.5.jar;C:\Users\jayan\.m2\repository\info\cukes\cucumber-core\1.2.5\cucumber-core-1.2.5.jar;C:\Users\jayan\.m2\repository\info\cukes\cucumber-html\0.2.3\cucumber-html-0.2.3.jar;C:\Users\jayan\.m2\repository\info\cukes\cucumber-jvm-deps\1.0.5\cucumber-jvm-deps-1.0.5.jar;C:\Users\jayan\.m2\repository\info\cukes\gherkin\2.12.2\gherkin-2.12.2.jar;C:\Users\jayan\.m2\repository\info\cukes\cucumber-junit\1.2.5\cucumber-junit-1.2.5.jar;C:\Users\jayan\.m2\repository\info\cukes\cucumber-testng\1.2.5\cucumber-testng-1.2.5.jar;C:\Users\jayan\.m2\repository\junit\junit\4.12\junit-4.12.jar;"/>
    <property name="sun.cpu.endian" value="little"/>
    <property name="user.home" value="C:\Users\jayan"/>
    <property name="user.language" value="en"/>
    <property name="java.specification.vendor" value="Oracle Corporation"/>
    <property name="java.home" value="C:\Program Files\Java\jdk1.8.0_161\jre"/>
    <property name="basedir" value="C:\Users\jayan\eclipse-workspace\MoneyControlCucumber"/>
    <property name="file.separator" value="\"/>
    <property name="line.separator" value="&#10;"/>
    <property name="java.vm.specification.vendor" value="Oracle Corporation"/>
    <property name="java.specification.name" value="Java Platform API Specification"/>
    <property name="java.awt.graphicsenv" value="sun.awt.Win32GraphicsEnvironment"/>
    <property name="surefire.real.class.path" value="C:\Users\jayan\AppData\Local\Temp\surefire678222134071190743\surefirebooter6790654056441846242.jar"/>
    <property name="sun.boot.class.path" value="C:\Program Files\Java\jdk1.8.0_161\jre\lib\resources.jar;C:\Program Files\Java\jdk1.8.0_161\jre\lib\rt.jar;C:\Program Files\Java\jdk1.8.0_161\jre\lib\sunrsasign.jar;C:\Program Files\Java\jdk1.8.0_161\jre\lib\jsse.jar;C:\Program Files\Java\jdk1.8.0_161\jre\lib\jce.jar;C:\Program Files\Java\jdk1.8.0_161\jre\lib\charsets.jar;C:\Program Files\Java\jdk1.8.0_161\jre\lib\jfr.jar;C:\Program Files\Java\jdk1.8.0_161\jre\classes"/>
    <property name="user.script" value=""/>
    <property name="sun.management.compiler" value="HotSpot 64-Bit Tiered Compilers"/>
    <property name="java.runtime.version" value="1.8.0_161-b12"/>
    <property name="user.name" value="jayan"/>
    <property name="path.separator" value=";"/>
    <property name="os.version" value="10.0"/>
    <property name="java.endorsed.dirs" value="C:\Program Files\Java\jdk1.8.0_161\jre\lib\endorsed"/>
    <property name="java.runtime.name" value="Java(TM) SE Runtime Environment"/>
    <property name="file.encoding" value="Cp1252"/>
    <property name="jnidispatch.path" value="C:\Users\jayan\AppData\Local\Temp\jna-100902351\jna6297324962054150627.dll"/>
    <property name="java.vm.name" value="Java HotSpot(TM) 64-Bit Server VM"/>
    <property name="localRepository" value="C:\Users\jayan\.m2\repository"/>
    <property name="java.vendor.url.bug" value="http://bugreport.sun.com/bugreport/"/>
    <property name="java.io.tmpdir" value="C:\Users\jayan\AppData\Local\Temp\"/>
    <property name="java.version" value="1.8.0_161"/>
    <property name="user.dir" value="C:\Users\jayan\eclipse-workspace\MoneyControlCucumber"/>
    <property name="os.arch" value="amd64"/>
    <property name="java.vm.specification.name" value="Java Virtual Machine Specification"/>
    <property name="java.awt.printerjob" value="sun.awt.windows.WPrinterJob"/>
    <property name="sun.os.patch.level" value=""/>
    <property name="java.library.path" value="C:\Program Files\Java\jdk1.8.0_161\jre\bin;C:\WINDOWS\Sun\Java\bin;C:\WINDOWS\system32;C:\WINDOWS;C:/Program Files/Java/jre1.8.0_161/bin/server;C:/Program Files/Java/jre1.8.0_161/bin;C:/Program Files/Java/jre1.8.0_161/lib/amd64;C:\ProgramData\Oracle\Java\javapath;C:\Program Files (x86)\Intel\iCLS Client\;C:\Program Files\Intel\iCLS Client\;C:\WINDOWS\system32;C:\WINDOWS;C:\WINDOWS\System32\Wbem;C:\WINDOWS\System32\WindowsPowerShell\v1.0\;C:\Program Files (x86)\Intel\Intel(R) Management Engine Components\DAL;C:\Program Files\Intel\Intel(R) Management Engine Components\DAL;C:\Program Files (x86)\Intel\Intel(R) Management Engine Components\IPT;C:\Program Files\Intel\Intel(R) Management Engine Components\IPT;C:\Program Files\Microsoft SQL Server\Client SDK\ODBC\130\Tools\Binn\;C:\Program Files (x86)\Microsoft SQL Server\140\Tools\Binn\;C:\Program Files\Microsoft SQL Server\140\Tools\Binn\;C:\Program Files\Microsoft SQL Server\140\DTS\Binn\;C:\WINDOWS\System32\OpenSSH\;C:\Program Files\TortoiseSVN\bin;C:\Program Files (x86)\Microsoft SQL Server\100\Tools\Binn\;C:\Program Files\Microsoft SQL Server\100\Tools\Binn\;C:\Program Files\Microsoft SQL Server\100\DTS\Binn\;C:\Program Files (x86)\Microsoft SQL Server\100\Tools\Binn\VSShell\Common7\IDE\;C:\Program Files (x86)\Microsoft SQL Server\100\DTS\Binn\;C:\Program Files (x86)\Microsoft Visual Studio 9.0\Common7\IDE\PrivateAssemblies\;C:\Program Files\Java\jdk1.8.0_161\bin;C:\Users\jayan\Downloads\apache-maven-3.6.0-bin\apache-maven-3.6.0\bin;C:\Program Files\PuTTY\;C:\Program Files (x86)\PuTTY\;C:\Program Files\Git\cmd;C:\Program Files\Git\mingw64\bin;C:\Program Files\Git\usr\bin;C:\Users\jayan\Downloads\apache-maven-3.6.0-bin\apache-maven-3.6.0\bin;C:\Users\jayan\AppData\Local\Microsoft\WindowsApps;;C:\Users\jayan\Desktop;;."/>
    <property name="java.vm.info" value="mixed mode"/>
    <property name="java.vendor" value="Oracle Corporation"/>
    <property name="java.vm.version" value="25.161-b12"/>
    <property name="java.ext.dirs" value="C:\Program Files\Java\jdk1.8.0_161\jre\lib\ext;C:\WINDOWS\Sun\Java\lib\ext"/>
    <property name="sun.io.unicode.encoding" value="UnicodeLittle"/>
    <property name="java.class.version" value="52.0"/>
  </properties>
  <testcase name="feature" classname="runnerTest.runnerTest" time="68.453">
    <failure message="org.openqa.selenium.NoSuchElementException: no such element: Unable to locate element: {&quot;method&quot;:&quot;xpath&quot;,&quot;selector&quot;:&quot;//*[@id=&quot;sec_quotes&quot;]/div[2]/div/h1&quot;}&#10;  (Session info: chrome=81.0.4044.113)&#10;For documentation on this error, please visit: http://seleniumhq.org/exceptions/no_such_element.html&#10;Build info: version: &apos;3.4.0&apos;, revision: &apos;unknown&apos;, time: &apos;unknown&apos;&#10;System info: host: &apos;DESKTOP-D65NDT8&apos;, ip: &apos;192.168.0.106&apos;, os.name: &apos;Windows 10&apos;, os.arch: &apos;amd64&apos;, os.version: &apos;10.0&apos;, java.version: &apos;1.8.0_161&apos;&#10;Driver info: org.openqa.selenium.chrome.ChromeDriver&#10;Capabilities [{networkConnectionEnabled=false, chrome={chromedriverVersion=81.0.4044.69 (6813546031a4bc83f717a2ef7cd4ac6ec1199132-refs/branch-heads/4044@{#776}), userDataDir=C:\Users\jayan\AppData\Local\Temp\scoped_dir15348_52198799}, timeouts={implicit=0.0, pageLoad=300000.0, script=30000.0}, pageLoadStrategy=normal, unhandledPromptBehavior=dismiss and notify, strictFileInteractability=false, platform=ANY, proxy=Proxy(), goog:chromeOptions={debuggerAddress=localhost:50257}, acceptInsecureCerts=false, browserVersion=81.0.4044.113, browserName=chrome, javascriptEnabled=true, platformName=windows, setWindowRect=true, webauthn:virtualAuthenticators=true}]&#10;Session ID: a041954a7e6402e8ad889d5706503e20&#10;*** Element info: {Using=xpath, value=//*[@id=&quot;sec_quotes&quot;]/div[2]/div/h1}" type="cucumber.runtime.CucumberException"><![CDATA[cucumber.runtime.CucumberException: 
org.openqa.selenium.NoSuchElementException: no such element: Unable to locate element: {"method":"xpath","selector":"//*[@id="sec_quotes"]/div[2]/div/h1"}
  (Session info: chrome=81.0.4044.113)
For documentation on this error, please visit: http://seleniumhq.org/exceptions/no_such_element.html
Build info: version: '3.4.0', revision: 'unknown', time: 'unknown'
System info: host: 'DESKTOP-D65NDT8', ip: '192.168.0.106', os.name: 'Windows 10', os.arch: 'amd64', os.version: '10.0', java.version: '1.8.0_161'
Driver info: org.openqa.selenium.chrome.ChromeDriver
Capabilities [{networkConnectionEnabled=false, chrome={chromedriverVersion=81.0.4044.69 (6813546031a4bc83f717a2ef7cd4ac6ec1199132-refs/branch-heads/4044@{#776}), userDataDir=C:\Users\jayan\AppData\Local\Temp\scoped_dir15348_52198799}, timeouts={implicit=0.0, pageLoad=300000.0, script=30000.0}, pageLoadStrategy=normal, unhandledPromptBehavior=dismiss and notify, strictFileInteractability=false, platform=ANY, proxy=Proxy(), goog:chromeOptions={debuggerAddress=localhost:50257}, acceptInsecureCerts=false, browserVersion=81.0.4044.113, browserName=chrome, javascriptEnabled=true, platformName=windows, setWindowRect=true, webauthn:virtualAuthenticators=true}]
Session ID: a041954a7e6402e8ad889d5706503e20
*** Element info: {Using=xpath, value=//*[@id="sec_quotes"]/div[2]/div/h1}
Caused by: org.openqa.selenium.NoSuchElementException: 
no such element: Unable to locate element: {"method":"xpath","selector":"//*[@id="sec_quotes"]/div[2]/div/h1"}
  (Session info: chrome=81.0.4044.113)
For documentation on this error, please visit: http://seleniumhq.org/exceptions/no_such_element.html
Build info: version: '3.4.0', revision: 'unknown', time: 'unknown'
System info: host: 'DESKTOP-D65NDT8', ip: '192.168.0.106', os.name: 'Windows 10', os.arch: 'amd64', os.version: '10.0', java.version: '1.8.0_161'
Driver info: org.openqa.selenium.chrome.ChromeDriver
Capabilities [{networkConnectionEnabled=false, chrome={chromedriverVersion=81.0.4044.69 (6813546031a4bc83f717a2ef7cd4ac6ec1199132-refs/branch-heads/4044@{#776}), userDataDir=C:\Users\jayan\AppData\Local\Temp\scoped_dir15348_52198799}, timeouts={implicit=0.0, pageLoad=300000.0, script=30000.0}, pageLoadStrategy=normal, unhandledPromptBehavior=dismiss and notify, strictFileInteractability=false, platform=ANY, proxy=Proxy(), goog:chromeOptions={debuggerAddress=localhost:50257}, acceptInsecureCerts=false, browserVersion=81.0.4044.113, browserName=chrome, javascriptEnabled=true, platformName=windows, setWindowRect=true, webauthn:virtualAuthenticators=true}]
Session ID: a041954a7e6402e8ad889d5706503e20
*** Element info: {Using=xpath, value=//*[@id="sec_quotes"]/div[2]/div/h1}
]]></failure>
    <system-err><![CDATA[Starting ChromeDriver 81.0.4044.69 (6813546031a4bc83f717a2ef7cd4ac6ec1199132-refs/branch-heads/4044@{#776}) on port 43745
Only local connections are allowed.
Please protect ports used by ChromeDriver and related test frameworks to prevent access by malicious code.
Apr 19, 2020 12:16:37 AM org.openqa.selenium.remote.ProtocolHandshake createSession
INFO: Detected dialect: W3C
[1587235603.139][SEVERE]: Timed out receiving message from renderer: 0.100
[1587235604.062][SEVERE]: Timed out receiving message from renderer: 0.100
[1587235604.282][SEVERE]: Timed out receiving message from renderer: 0.100
[1587235604.507][SEVERE]: Timed out receiving message from renderer: 0.100
[1587235604.840][SEVERE]: Timed out receiving message from renderer: 0.100
[1587235605.239][SEVERE]: Timed out receiving message from renderer: 0.100
[1587235605.766][SEVERE]: Timed out receiving message from renderer: 0.100
[1587235605.983][SEVERE]: Timed out receiving message from renderer: 0.100
[1587235606.135][SEVERE]: Timed out receiving message from renderer: 0.100
[1587235606.426][SEVERE]: Timed out receiving message from renderer: 0.100
[1587235606.533][SEVERE]: Timed out receiving message from renderer: 0.100
[1587235606.639][SEVERE]: Timed out receiving message from renderer: 0.100
[1587235606.746][SEVERE]: Timed out receiving message from renderer: 0.100
[1587235606.848][SEVERE]: Timed out receiving message from renderer: 0.100
[1587235607.005][SEVERE]: Timed out receiving message from renderer: 0.100
[1587235607.108][SEVERE]: Timed out receiving message from renderer: 0.100
[1587235607.229][SEVERE]: Timed out receiving message from renderer: 0.100
[1587235623.814][SEVERE]: Timed out receiving message from renderer: 0.100
[1587235623.989][SEVERE]: Timed out receiving message from renderer: 0.100
[1587235624.144][SEVERE]: Timed out receiving message from renderer: 0.100
[1587235624.334][SEVERE]: Timed out receiving message from renderer: 0.100
[1587235624.486][SEVERE]: Timed out receiving message from renderer: 0.100
[1587235624.657][SEVERE]: Timed out receiving message from renderer: 0.100
[1587235624.865][SEVERE]: Timed out receiving message from renderer: 0.100
[1587235624.996][SEVERE]: Timed out receiving message from renderer: 0.100
[1587235625.133][SEVERE]: Timed out receiving message from renderer: 0.100
[1587235625.329][SEVERE]: Timed out receiving message from renderer: 0.100
[1587235625.494][SEVERE]: Timed out receiving message from renderer: 0.100
[1587235625.651][SEVERE]: Timed out receiving message from renderer: 0.100
[1587235625.769][SEVERE]: Timed out receiving message from renderer: 0.100
[1587235625.998][SEVERE]: Timed out receiving message from renderer: 0.100
[1587235626.190][SEVERE]: Timed out receiving message from renderer: 0.100
[1587235626.315][SEVERE]: Timed out receiving message from renderer: 0.100
[1587235626.455][SEVERE]: Timed out receiving message from renderer: 0.100
[1587235626.571][SEVERE]: Timed out receiving message from renderer: 0.100
[1587235626.713][SEVERE]: Timed out receiving message from renderer: 0.100
[1587235626.864][SEVERE]: Timed out receiving message from renderer: 0.100
[1587235627.007][SEVERE]: Timed out receiving message from renderer: 0.100
[1587235627.116][SEVERE]: Timed out receiving message from renderer: 0.100
[1587235627.265][SEVERE]: Timed out receiving message from renderer: 0.100
[1587235627.416][SEVERE]: Timed out receiving message from renderer: 0.100
[1587235627.526][SEVERE]: Timed out receiving message from renderer: 0.100
[1587235627.677][SEVERE]: Timed out receiving message from renderer: 0.100
[1587235627.782][SEVERE]: Timed out receiving message from renderer: 0.100
[1587235627.897][SEVERE]: Timed out receiving message from renderer: 0.100
[1587235628.014][SEVERE]: Timed out receiving message from renderer: 0.100
[1587235628.190][SEVERE]: Timed out receiving message from renderer: 0.100
[1587235628.337][SEVERE]: Timed out receiving message from renderer: 0.100
[1587235628.450][SEVERE]: Timed out receiving message from renderer: 0.100
[1587235628.590][SEVERE]: Timed out receiving message from renderer: 0.100
[1587235628.728][SEVERE]: Timed out receiving message from renderer: 0.100
[1587235628.843][SEVERE]: Timed out receiving message from renderer: 0.100
[1587235628.948][SEVERE]: Timed out receiving message from renderer: 0.100
[1587235629.098][SEVERE]: Timed out receiving message from renderer: 0.100
[1587235629.273][SEVERE]: Timed out receiving message from renderer: 0.100
[1587235629.407][SEVERE]: Timed out receiving message from renderer: 0.100
[1587235629.551][SEVERE]: Timed out receiving message from renderer: 0.100
[1587235629.695][SEVERE]: Timed out receiving message from renderer: 0.100
[1587235629.860][SEVERE]: Timed out receiving message from renderer: 0.100
[1587235629.965][SEVERE]: Timed out receiving message from renderer: 0.100
[1587235630.086][SEVERE]: Timed out receiving message from renderer: 0.100
[1587235630.234][SEVERE]: Timed out receiving message from renderer: 0.100
[1587235630.391][SEVERE]: Timed out receiving message from renderer: 0.100
[1587235630.568][SEVERE]: Timed out receiving message from renderer: 0.100
[1587235630.704][SEVERE]: Timed out receiving message from renderer: 0.100
[1587235630.813][SEVERE]: Timed out receiving message from renderer: 0.100
[1587235630.949][SEVERE]: Timed out receiving message from renderer: 0.100
[1587235631.107][SEVERE]: Timed out receiving message from renderer: 0.100
[1587235631.371][SEVERE]: Timed out receiving message from renderer: 0.100
[1587235631.531][SEVERE]: Timed out receiving message from renderer: 0.100
[1587235631.696][SEVERE]: Timed out receiving message from renderer: 0.100
[1587235631.844][SEVERE]: Timed out receiving message from renderer: 0.100
[1587235631.977][SEVERE]: Timed out receiving message from renderer: 0.100
[1587235632.133][SEVERE]: Timed out receiving message from renderer: 0.100
[1587235632.307][SEVERE]: Timed out receiving message from renderer: 0.100
[1587235632.415][SEVERE]: Timed out receiving message from renderer: 0.100
[1587235632.574][SEVERE]: Timed out receiving message from renderer: 0.100
[1587235632.805][SEVERE]: Timed out receiving message from renderer: 0.100
[1587235632.910][SEVERE]: Timed out receiving message from renderer: 0.100
[1587235633.052][SEVERE]: Timed out receiving message from renderer: 0.100
[1587235633.156][SEVERE]: Timed out receiving message from renderer: 0.100
[1587235633.258][SEVERE]: Timed out receiving message from renderer: 0.100
[1587235633.372][SEVERE]: Timed out receiving message from renderer: 0.100
[1587235633.523][SEVERE]: Timed out receiving message from renderer: 0.100
[1587235633.630][SEVERE]: Timed out receiving message from renderer: 0.100
[1587235633.777][SEVERE]: Timed out receiving message from renderer: 0.100
[1587235633.937][SEVERE]: Timed out receiving message from renderer: 0.100
[1587235634.071][SEVERE]: Timed out receiving message from renderer: 0.100
[1587235634.252][SEVERE]: Timed out receiving message from renderer: 0.100
[1587235634.398][SEVERE]: Timed out receiving message from renderer: 0.100
[1587235634.503][SEVERE]: Timed out receiving message from renderer: 0.100
[1587235634.656][SEVERE]: Timed out receiving message from renderer: 0.100
[1587235634.765][SEVERE]: Timed out receiving message from renderer: 0.100
[1587235634.950][SEVERE]: Timed out receiving message from renderer: 0.100
[1587235635.068][SEVERE]: Timed out receiving message from renderer: 0.100
[1587235635.186][SEVERE]: Timed out receiving message from renderer: 0.100
[1587235635.368][SEVERE]: Timed out receiving message from renderer: 0.100
[1587235635.472][SEVERE]: Timed out receiving message from renderer: 0.100
[1587235635.579][SEVERE]: Timed out receiving message from renderer: 0.100
[1587235635.730][SEVERE]: Timed out receiving message from renderer: 0.100
[1587235635.898][SEVERE]: Timed out receiving message from renderer: 0.100
[1587235636.059][SEVERE]: Timed out receiving message from renderer: 0.100
[1587235636.207][SEVERE]: Timed out receiving message from renderer: 0.100
[1587235636.382][SEVERE]: Timed out receiving message from renderer: 0.100
[1587235636.565][SEVERE]: Timed out receiving message from renderer: 0.100
[1587235636.738][SEVERE]: Timed out receiving message from renderer: 0.100
[1587235636.933][SEVERE]: Timed out receiving message from renderer: 0.100
[1587235637.069][SEVERE]: Timed out receiving message from renderer: 0.100
[1587235637.312][SEVERE]: Timed out receiving message from renderer: 0.100
[1587235637.417][SEVERE]: Timed out receiving message from renderer: 0.100
[1587235637.524][SEVERE]: Timed out receiving message from renderer: 0.100
[1587235637.648][SEVERE]: Timed out receiving message from renderer: 0.100
[1587235637.952][SEVERE]: Timed out receiving message from renderer: 0.100
[1587235638.663][SEVERE]: Timed out receiving message from renderer: 0.100
[1587235638.801][SEVERE]: Timed out receiving message from renderer: 0.100
[1587235638.928][SEVERE]: Timed out receiving message from renderer: 0.100
[1587235639.030][SEVERE]: Timed out receiving message from renderer: 0.100
[1587235639.173][SEVERE]: Timed out receiving message from renderer: 0.100
[1587235639.285][SEVERE]: Timed out receiving message from renderer: 0.100
[1587235639.408][SEVERE]: Timed out receiving message from renderer: 0.100
[1587235639.560][SEVERE]: Timed out receiving message from renderer: 0.100
[1587235639.664][SEVERE]: Timed out receiving message from renderer: 0.100
[1587235639.790][SEVERE]: Timed out receiving message from renderer: 0.100
[1587235639.907][SEVERE]: Timed out receiving message from renderer: 0.100
[1587235640.019][SEVERE]: Timed out receiving message from renderer: 0.100
[1587235640.208][SEVERE]: Timed out receiving message from renderer: 0.100
[1587235640.358][SEVERE]: Timed out receiving message from renderer: 0.100
[1587235640.480][SEVERE]: Timed out receiving message from renderer: 0.100
[1587235640.638][SEVERE]: Timed out receiving message from renderer: 0.100
[1587235640.765][SEVERE]: Timed out receiving message from renderer: 0.100
[1587235640.904][SEVERE]: Timed out receiving message from renderer: 0.100
[1587235641.099][SEVERE]: Timed out receiving message from renderer: 0.100
[1587235641.236][SEVERE]: Timed out receiving message from renderer: 0.100
[1587235641.432][SEVERE]: Timed out receiving message from renderer: 0.100
[1587235641.544][SEVERE]: Timed out receiving message from renderer: 0.100
[1587235641.669][SEVERE]: Timed out receiving message from renderer: 0.100
[1587235641.853][SEVERE]: Timed out receiving message from renderer: 0.100
[1587235641.996][SEVERE]: Timed out receiving message from renderer: 0.100
[1587235642.100][SEVERE]: Timed out receiving message from renderer: 0.100
[1587235642.244][SEVERE]: Timed out receiving message from renderer: 0.100
[1587235642.406][SEVERE]: Timed out receiving message from renderer: 0.100
[1587235642.533][SEVERE]: Timed out receiving message from renderer: 0.100
[1587235642.681][SEVERE]: Timed out receiving message from renderer: 0.100
[1587235642.834][SEVERE]: Timed out receiving message from renderer: 0.100
[1587235642.990][SEVERE]: Timed out receiving message from renderer: 0.100
[1587235643.129][SEVERE]: Timed out receiving message from renderer: 0.100
[1587235643.233][SEVERE]: Timed out receiving message from renderer: 0.100
[1587235643.340][SEVERE]: Timed out receiving message from renderer: 0.100
[1587235643.446][SEVERE]: Timed out receiving message from renderer: 0.100
[1587235643.548][SEVERE]: Timed out receiving message from renderer: 0.100
[1587235643.660][SEVERE]: Timed out receiving message from renderer: 0.100
[1587235643.778][SEVERE]: Timed out receiving message from renderer: 0.100
[1587235643.885][SEVERE]: Timed out receiving message from renderer: 0.100
[1587235644.052][SEVERE]: Timed out receiving message from renderer: 0.100
[1587235644.257][SEVERE]: Timed out receiving message from renderer: 0.100
[1587235644.425][SEVERE]: Timed out receiving message from renderer: 0.100
[1587235644.554][SEVERE]: Timed out receiving message from renderer: 0.100
[1587235644.706][SEVERE]: Timed out receiving message from renderer: 0.100
[1587235644.849][SEVERE]: Timed out receiving message from renderer: 0.100
[1587235644.993][SEVERE]: Timed out receiving message from renderer: 0.100
[1587235645.127][SEVERE]: Timed out receiving message from renderer: 0.100
[1587235645.288][SEVERE]: Timed out receiving message from renderer: 0.100
[1587235645.421][SEVERE]: Timed out receiving message from renderer: 0.100
[1587235645.580][SEVERE]: Timed out receiving message from renderer: 0.100
[1587235645.701][SEVERE]: Timed out receiving message from renderer: 0.100
[1587235645.839][SEVERE]: Timed out receiving message from renderer: 0.100
[1587235645.999][SEVERE]: Timed out receiving message from renderer: 0.100
[1587235646.146][SEVERE]: Timed out receiving message from renderer: 0.100
[1587235646.273][SEVERE]: Timed out receiving message from renderer: 0.100
[1587235646.433][SEVERE]: Timed out receiving message from renderer: 0.100
[1587235646.538][SEVERE]: Timed out receiving message from renderer: 0.100
[1587235646.688][SEVERE]: Timed out receiving message from renderer: 0.100
[1587235646.807][SEVERE]: Timed out receiving message from renderer: 0.100
[1587235647.024][SEVERE]: Timed out receiving message from renderer: 0.100
[1587235647.166][SEVERE]: Timed out receiving message from renderer: 0.100
[1587235647.269][SEVERE]: Timed out receiving message from renderer: 0.100
[1587235647.435][SEVERE]: Timed out receiving message from renderer: 0.100
[1587235647.572][SEVERE]: Timed out receiving message from renderer: 0.100
[1587235647.725][SEVERE]: Timed out receiving message from renderer: 0.100
[1587235647.840][SEVERE]: Timed out receiving message from renderer: 0.100
[1587235647.946][SEVERE]: Timed out receiving message from renderer: 0.100
[1587235648.052][SEVERE]: Timed out receiving message from renderer: 0.100
[1587235648.198][SEVERE]: Timed out receiving message from renderer: 0.100
[1587235648.329][SEVERE]: Timed out receiving message from renderer: 0.100
[1587235648.440][SEVERE]: Timed out receiving message from renderer: 0.100
[1587235648.560][SEVERE]: Timed out receiving message from renderer: 0.100
[1587235648.715][SEVERE]: Timed out receiving message from renderer: 0.100
[1587235648.852][SEVERE]: Timed out receiving message from renderer: 0.100
[1587235648.998][SEVERE]: Timed out receiving message from renderer: 0.100
[1587235649.145][SEVERE]: Timed out receiving message from renderer: 0.100
[1587235649.261][SEVERE]: Timed out receiving message from renderer: 0.100
[1587235649.403][SEVERE]: Timed out receiving message from renderer: 0.100
[1587235649.510][SEVERE]: Timed out receiving message from renderer: 0.100
[1587235649.669][SEVERE]: Timed out receiving message from renderer: 0.100
[1587235649.834][SEVERE]: Timed out receiving message from renderer: 0.100
[1587235649.955][SEVERE]: Timed out receiving message from renderer: 0.100
[1587235650.140][SEVERE]: Timed out receiving message from renderer: 0.100
]]></system-err>
  </testcase>
  <testcase name="feature" classname="runnerTest.runnerTest" time="113.437"/>
</testsuite>